\BOOKMARK [0][-]{chapter.1}{上传业务模型}{}% 1
\BOOKMARK [1][-]{section.1.1}{本地直传模型}{chapter.1}% 2
\BOOKMARK [1][-]{section.1.2}{客户端通知上传模型}{chapter.1}% 3
\BOOKMARK [2][-]{subsection.1.2.1}{HTML表单上传模型}{section.1.2}% 4
\BOOKMARK [1][-]{section.1.3}{七牛云通知上传模型}{chapter.1}% 5
\BOOKMARK [0][-]{chapter.2}{上传方式}{}% 6
\BOOKMARK [1][-]{section.2.1}{普通上传}{chapter.2}% 7
\BOOKMARK [1][-]{section.2.2}{断点续上传（Block）}{chapter.2}% 8
\BOOKMARK [2][-]{subsection.2.2.1}{串行传输}{section.2.2}% 9
\BOOKMARK [2][-]{subsection.2.2.2}{并发传输}{section.2.2}% 10
\BOOKMARK [2][-]{subsection.2.2.3}{细粒度传输（Chunk）}{section.2.2}% 11
\BOOKMARK [1][-]{section.2.3}{追加上传（Append，研发中）}{chapter.2}% 12
\BOOKMARK [1][-]{section.2.4}{特性一览表}{chapter.2}% 13
\BOOKMARK [0][-]{chapter.3}{上传授权凭证}{}% 14
\BOOKMARK [1][-]{section.3.1}{策略参数}{chapter.3}% 15
\BOOKMARK [1][-]{section.3.2}{签名算法}{chapter.3}% 16
\BOOKMARK [1][-]{section.3.3}{魔法变量（Magic Variables）}{chapter.3}% 17
\BOOKMARK [1][-]{section.3.4}{自定义变量（X-Variables）}{chapter.3}% 18
\BOOKMARK [0][-]{chapter.4}{API}{}% 19
\BOOKMARK [1][-]{section.4.1}{直传}{chapter.4}% 20
\BOOKMARK [2][-]{subsection.4.1.1}{直传单一资源（文件）}{section.4.1}% 21
\BOOKMARK [2][-]{subsection.4.1.2}{直传单一资源（图片＋魔法变量＋自定义变量）}{section.4.1}% 22
\BOOKMARK [1][-]{section.4.2}{断点续上传}{chapter.4}% 23
\BOOKMARK [2][-]{subsection.4.2.1}{微型资源上传}{section.4.2}% 24
\BOOKMARK [2][-]{subsection.4.2.2}{大型资源上传（6MB）}{section.4.2}% 25
\BOOKMARK [1][-]{section.4.3}{追加上传}{chapter.4}% 26
\BOOKMARK [0][-]{chapter.5}{FAQ}{}% 27
\BOOKMARK [0][-]{chapter.6}{术语}{}% 28
